#-----------------------------------------------------------
# xsim v2019.2 (64-bit)
# SW Build 2708876 on Wed Nov  6 21:40:23 MST 2019
# IP Build 2700528 on Thu Nov  7 00:09:20 MST 2019
# Start of session at: Thu Mar 31 11:24:38 2022
# Process ID: 7460
# Current directory: C:/Users/Gillian/Documents/GitHub/difficult-lemons/working code
# Command line: xsim.exe -mode tcl -source {xsim.dir/work.test/xsim_script.tcl}
# Log file: C:/Users/Gillian/Documents/GitHub/difficult-lemons/working code/xsim.log
# Journal file: C:/Users/Gillian/Documents/GitHub/difficult-lemons/working code\xsim.jou
#-----------------------------------------------------------
source xsim.dir/work.test/xsim_script.tcl
# xsim {work.test} -autoloadwcfg -runall
Vivado Simulator 2019.2
Time resolution is 1 ps
run -all
-----Inside test.sv-----
finished readTable
fsmType: 0
numStates: 2
arr: '{0,0,1,0,0,1,1,1,1,1,0,0,1,1,1,1,1,0,0,0,0,0,0,0,0,0,0,0,0,0,0,0,0,0,0,0,0,0,0,0,0,0,0,0,0}
arr:
i=0: 0
i=1: 0
i=2: 0
i=3: 0
i=4: 0
i=5: 0
i=6: 0
i=7: 0
i=8: 0
i=9: 0
i=10: 0
i=11: 0
i=12: 0
i=13: 0
i=14: 0
i=15: 0
i=16: 0
i=17: 0
i=18: 0
i=19: 0
i=20: 0
i=21: 0
i=22: 0
i=23: 0
i=24: 0
i=25: 0
i=26: 0
i=27: 0
i=28: 1
i=29: 1
i=30: 1
i=31: 1
i=32: 1
i=33: 0
i=34: 0
i=35: 1
i=36: 1
i=37: 1
i=38: 1
i=39: 1
i=40: 0
i=41: 0
i=42: 1
i=43: 0
i=44: 0
parsing transitions for Moore machine
transitions[0]: (0,1), (1,1), (0,1), (0,1)
transitions[1]: (1,0), (1,0), (1,0), (0,0)

randomized sw and ctr inputs
SWInputArr:  '{3,0,2,2,3,0,3,3,1,1,1,0,2,0,3,3,2,0,3,0,1}
CtrInputArr: '{1,1,1,1,0,1,0,1,0,1,1,0,0,1,0,0,1,1,1,1,0}

----------------------------
Starting
state: 0
$finish called at time : 0 fs : File "C:/Users/Gillian/Documents/GitHub/difficult-lemons/working code/test.sv" Line 199
exit
INFO: [Common 17-206] Exiting xsim at Thu Mar 31 11:24:44 2022...
