#-----------------------------------------------------------
# xsim v2019.2 (64-bit)
# SW Build 2708876 on Wed Nov  6 21:40:23 MST 2019
# IP Build 2700528 on Thu Nov  7 00:09:20 MST 2019
# Start of session at: Tue Mar 29 16:19:15 2022
# Process ID: 39840
# Current directory: C:/Users/Gillian/Documents/GitHub/difficult-lemons/working code
# Command line: xsim.exe -mode tcl -source {xsim.dir/work.test/xsim_script.tcl}
# Log file: C:/Users/Gillian/Documents/GitHub/difficult-lemons/working code/xsim.log
# Journal file: C:/Users/Gillian/Documents/GitHub/difficult-lemons/working code\xsim.jou
#-----------------------------------------------------------
source xsim.dir/work.test/xsim_script.tcl
# xsim {work.test} -autoloadwcfg -runall
Vivado Simulator 2019.2
Time resolution is 1 ps
run -all
parsing transitions for Moore machine
transitions[0]: (0,1), (1,1), (1,1), (1,1)
transitions[1]: (1,0), (0,0), (1,0), (0,0)

randomized sw and ctr inputs
SWInputArr:  '{2,0,3,3,0,2}
CtrInputArr: '{1,0,0,0,1,0}

----------------------------
Starting
state: 0

SW: 2
CTR: 1
expected state = 1, output = 0
DUT      state = 0, output = x
  ###############  
ERROR--incorrect next state
 expected : 1
 DUT state: 0

SW: 0
CTR: 0
expected state = 1, output = 0
DUT      state = 0, output = x
  ###############  
ERROR--incorrect next state
 expected : 1
 DUT state: 0

SW: 3
CTR: 0
expected state = 1, output = 0
DUT      state = 0, output = x
  ###############  
ERROR--incorrect next state
 expected : 1
 DUT state: 0

SW: 3
CTR: 0
expected state = 1, output = 0
DUT      state = 0, output = x
  ###############  
ERROR--incorrect next state
 expected : 1
 DUT state: 0

SW: 0
CTR: 1
expected state = 1, output = 0
DUT      state = 0, output = x
  ###############  
ERROR--incorrect next state
 expected : 1
 DUT state: 0

SW: 2
CTR: 0
expected state = 1, output = 0
DUT      state = 0, output = x
  ###############  
ERROR--incorrect next state
 expected : 1
 DUT state: 0
$finish called at time : 104 ns : File "C:/Users/Gillian/Documents/GitHub/difficult-lemons/working code/test.sv" Line 217
exit
INFO: [Common 17-206] Exiting xsim at Tue Mar 29 16:19:18 2022...
