#-----------------------------------------------------------
# xsim v2019.2 (64-bit)
# SW Build 2708876 on Wed Nov  6 21:40:23 MST 2019
# IP Build 2700528 on Thu Nov  7 00:09:20 MST 2019
# Start of session at: Sun Mar 27 16:38:50 2022
# Process ID: 24984
# Current directory: C:/Users/Gillian/Documents/GitHub/difficult-lemons/working code
# Command line: xsim.exe -mode tcl -source {xsim.dir/work.test/xsim_script.tcl}
# Log file: C:/Users/Gillian/Documents/GitHub/difficult-lemons/working code/xsim.log
# Journal file: C:/Users/Gillian/Documents/GitHub/difficult-lemons/working code\xsim.jou
#-----------------------------------------------------------
source xsim.dir/work.test/xsim_script.tcl
# xsim {work.test} -autoloadwcfg -runall
Vivado Simulator 2019.2
Time resolution is 1 ps
run -all
-----Inside test.sv-----
finished readTable
parsing transitions for Mealy machine
WARNING: File: C:/Users/Gillian/Documents/GitHub/difficult-lemons/working code/test.sv Line: 10 : Attempting to dereference a null or uninitialized class object in write context : This is not allowed and the write is ignored.
WARNING: File: C:/Users/Gillian/Documents/GitHub/difficult-lemons/working code/test.sv Line: 14 : Attempting to dereference a null or uninitialized class object in write context : This is not allowed and the write is ignored.
WARNING: File: C:/Users/Gillian/Documents/GitHub/difficult-lemons/working code/test.sv Line: 10 : Attempting to dereference a null or uninitialized class object in write context : This is not allowed and the write is ignored.
WARNING: File: C:/Users/Gillian/Documents/GitHub/difficult-lemons/working code/test.sv Line: 14 : Attempting to dereference a null or uninitialized class object in write context : This is not allowed and the write is ignored.
transitions[0]: '{nextState:0,out:0}, '{nextState:0,out:0}, null, null
WARNING: File: C:/Users/Gillian/Documents/GitHub/difficult-lemons/working code/test.sv Line: 10 : Attempting to dereference a null or uninitialized class object in write context : This is not allowed and the write is ignored.
WARNING: File: C:/Users/Gillian/Documents/GitHub/difficult-lemons/working code/test.sv Line: 14 : Attempting to dereference a null or uninitialized class object in write context : This is not allowed and the write is ignored.
WARNING: File: C:/Users/Gillian/Documents/GitHub/difficult-lemons/working code/test.sv Line: 10 : Attempting to dereference a null or uninitialized class object in write context : This is not allowed and the write is ignored.
WARNING: File: C:/Users/Gillian/Documents/GitHub/difficult-lemons/working code/test.sv Line: 14 : Attempting to dereference a null or uninitialized class object in write context : This is not allowed and the write is ignored.
transitions[1]: '{nextState:0,out:0}, '{nextState:0,out:0}, null, null

randomized sw and ctr inputs
exit
INFO: [Common 17-206] Exiting xsim at Sun Mar 27 16:39:01 2022...
